2022-10-22 13:57:21.807  INFO 10164 --- [restartedMain] carWasher.Demo                           : Starting Demo using Java 17.0.4.1 on 751FJW2 with PID 10164 (C:\WorkspaceSTS\carWasher\target\classes started by isi in C:\WorkspaceSTS\carWasher)
2022-10-22 13:57:21.808  INFO 10164 --- [restartedMain] carWasher.Demo                           : No active profile set, falling back to 1 default profile: "default"
2022-10-22 13:57:21.975  INFO 10164 --- [restartedMain] o.s.b.w.embedded.tomcat.TomcatWebServer  : Tomcat initialized with port(s): 8080 (http)
2022-10-22 13:57:21.976  INFO 10164 --- [restartedMain] o.apache.catalina.core.StandardService   : Starting service [Tomcat]
2022-10-22 13:57:21.976  INFO 10164 --- [restartedMain] org.apache.catalina.core.StandardEngine  : Starting Servlet engine: [Apache Tomcat/9.0.65]
2022-10-22 13:57:21.986  INFO 10164 --- [restartedMain] o.a.c.c.C.[Tomcat].[localhost].[/]       : Initializing Spring embedded WebApplicationContext
2022-10-22 13:57:21.986  INFO 10164 --- [restartedMain] w.s.c.ServletWebServerApplicationContext : Root WebApplicationContext: initialization completed in 176 ms
2022-10-22 13:57:22.017 DEBUG 10164 --- [restartedMain] s.w.s.m.m.a.RequestMappingHandlerAdapter : ControllerAdvice beans: 0 @ModelAttribute, 0 @InitBinder, 1 RequestBodyAdvice, 1 ResponseBodyAdvice
2022-10-22 13:57:22.022 TRACE 10164 --- [restartedMain] s.w.s.m.m.a.RequestMappingHandlerMapping : 
	o.s.b.a.w.s.e.BasicErrorController:
	{ [/error]}: error(HttpServletRequest)
	{ [/error], produces [text/html]}: errorHtml(HttpServletRequest,HttpServletResponse)
2022-10-22 13:57:22.024 DEBUG 10164 --- [restartedMain] s.w.s.m.m.a.RequestMappingHandlerMapping : 2 mappings in 'requestMappingHandlerMapping'
2022-10-22 13:57:22.025 DEBUG 10164 --- [restartedMain] o.s.w.s.h.BeanNameUrlHandlerMapping      : Detected 0 mappings in 'beanNameHandlerMapping'
2022-10-22 13:57:22.026 TRACE 10164 --- [restartedMain] o.s.w.s.f.support.RouterFunctionMapping  : 0 RouterFunction(s) in 'routerFunctionMapping'
2022-10-22 13:57:22.027 TRACE 10164 --- [restartedMain] o.s.w.s.handler.SimpleUrlHandlerMapping  : Mapped [/webjars/**] onto ResourceHttpRequestHandler [classpath [META-INF/resources/webjars/]]
2022-10-22 13:57:22.027 TRACE 10164 --- [restartedMain] o.s.w.s.handler.SimpleUrlHandlerMapping  : Mapped [/**] onto ResourceHttpRequestHandler [classpath [META-INF/resources/], classpath [resources/], classpath [static/], classpath [public/], ServletContext [/]]
2022-10-22 13:57:22.027 DEBUG 10164 --- [restartedMain] o.s.w.s.handler.SimpleUrlHandlerMapping  : Patterns [/webjars/**, /**] in 'resourceHandlerMapping'
2022-10-22 13:57:22.030 DEBUG 10164 --- [restartedMain] .m.m.a.ExceptionHandlerExceptionResolver : ControllerAdvice beans: 0 @ExceptionHandler, 1 ResponseBodyAdvice
2022-10-22 13:57:22.048  INFO 10164 --- [restartedMain] o.s.b.d.a.OptionalLiveReloadServer       : LiveReload server is running on port 35729
2022-10-22 13:57:22.050  INFO 10164 --- [restartedMain] o.s.b.a.e.web.EndpointLinksResolver      : Exposing 0 endpoint(s) beneath base path '/actuator'
2022-10-22 13:57:22.060  INFO 10164 --- [restartedMain] o.s.b.w.embedded.tomcat.TomcatWebServer  : Tomcat started on port(s): 8080 (http) with context path ''
2022-10-22 13:57:22.067  INFO 10164 --- [restartedMain] carWasher.Demo                           : Started Demo in 0.289 seconds (JVM running for 368.594)
2022-10-22 13:57:22.069  INFO 10164 --- [restartedMain] .ConditionEvaluationDeltaLoggingListener : Condition evaluation unchanged
2022-10-22 13:58:08.391  INFO 10164 --- [File Watcher] rtingClassPathChangeChangedEventListener : Restarting due to 1 class path change (0 additions, 0 deletions, 1 modification)
2022-10-22 13:58:08.422  INFO 10164 --- [Thread-35] o.apache.catalina.core.StandardService   : Stopping service [Tomcat]
2022-10-22 13:58:08.476  INFO 10164 --- [restartedMain] carWasher.Demo                           : Starting Demo using Java 17.0.4.1 on 751FJW2 with PID 10164 (C:\WorkspaceSTS\carWasher\target\classes started by isi in C:\WorkspaceSTS\carWasher)
2022-10-22 13:58:08.476  INFO 10164 --- [restartedMain] carWasher.Demo                           : No active profile set, falling back to 1 default profile: "default"
2022-10-22 13:58:08.640  INFO 10164 --- [restartedMain] o.s.b.w.embedded.tomcat.TomcatWebServer  : Tomcat initialized with port(s): 8080 (http)
2022-10-22 13:58:08.641  INFO 10164 --- [restartedMain] o.apache.catalina.core.StandardService   : Starting service [Tomcat]
2022-10-22 13:58:08.641  INFO 10164 --- [restartedMain] org.apache.catalina.core.StandardEngine  : Starting Servlet engine: [Apache Tomcat/9.0.65]
2022-10-22 13:58:08.651  INFO 10164 --- [restartedMain] o.a.c.c.C.[Tomcat].[localhost].[/]       : Initializing Spring embedded WebApplicationContext
2022-10-22 13:58:08.651  INFO 10164 --- [restartedMain] w.s.c.ServletWebServerApplicationContext : Root WebApplicationContext: initialization completed in 173 ms
2022-10-22 13:58:08.684 DEBUG 10164 --- [restartedMain] s.w.s.m.m.a.RequestMappingHandlerAdapter : ControllerAdvice beans: 0 @ModelAttribute, 0 @InitBinder, 1 RequestBodyAdvice, 1 ResponseBodyAdvice
2022-10-22 13:58:08.691 DEBUG 10164 --- [restartedMain] s.w.s.m.m.a.RequestMappingHandlerMapping : 2 mappings in 'requestMappingHandlerMapping'
2022-10-22 13:58:08.693 DEBUG 10164 --- [restartedMain] o.s.w.s.handler.SimpleUrlHandlerMapping  : Patterns [/webjars/**, /**] in 'resourceHandlerMapping'
2022-10-22 13:58:08.696 DEBUG 10164 --- [restartedMain] .m.m.a.ExceptionHandlerExceptionResolver : ControllerAdvice beans: 0 @ExceptionHandler, 1 ResponseBodyAdvice
2022-10-22 13:58:08.714  INFO 10164 --- [restartedMain] o.s.b.d.a.OptionalLiveReloadServer       : LiveReload server is running on port 35729
2022-10-22 13:58:08.717  INFO 10164 --- [restartedMain] o.s.b.a.e.web.EndpointLinksResolver      : Exposing 0 endpoint(s) beneath base path '/actuator'
2022-10-22 13:58:08.728  INFO 10164 --- [restartedMain] o.s.b.w.embedded.tomcat.TomcatWebServer  : Tomcat started on port(s): 8080 (http) with context path ''
2022-10-22 13:58:08.736  INFO 10164 --- [restartedMain] carWasher.Demo                           : Started Demo in 0.278 seconds (JVM running for 415.263)
2022-10-22 13:58:08.739  INFO 10164 --- [restartedMain] .ConditionEvaluationDeltaLoggingListener : Condition evaluation unchanged
2022-10-22 14:00:10.561  INFO 10164 --- [File Watcher] rtingClassPathChangeChangedEventListener : Restarting due to 1 class path change (0 additions, 0 deletions, 1 modification)
2022-10-22 14:00:10.582  INFO 10164 --- [Thread-39] o.apache.catalina.core.StandardService   : Stopping service [Tomcat]
